1, 0
2, 1
1, 2
2, 3
2, 4
3, 5
4, 4
3, 3
4, 2
5, 3
6, 4
6, 5
5, 4
4, 5
4, 4
4, 3
3, 2
4, 3
5, 4
6, 5
5, 6
5, 7
4, 8
4, 9
4, 10
4, 11
4, 12
4, 13
3, 14
3, 13
4, 12
4, 11
5, 10
6, 9
5, 10
4, 10
5, 9
4, 9
3, 9
2, 8
3, 8
4, 9
5, 10
6, 11
7, 12
7, 13
6, 14
5, 13
4, 13
5, 12
4, 11
3, 12
3, 13
2, 14
1, 14
0, 13
0, 12
1, 13
2, 14
2, 15
2, 16
3, 17
4, 18
4, 17
3, 18
2, 18
3, 18
4, 17
4, 16
5, 15
5, 14
5, 13
5, 14
4, 15
4, 16
5, 16
6, 16
5, 17
5, 18
4, 19
4, 20
5, 21
6, 20
7, 20
8, 19
8, 20
7, 21
6, 21
5, 20
4, 19
3, 19
4, 20
5, 19
5, 18
5, 17
6, 16
7, 17
8, 16
9, 16
10, 15
9, 14
8, 14
7, 13
7, 12
8, 13
9, 13
10, 12
10, 11
9, 10
8, 10
7, 9
6, 10
5, 11
4, 12
4, 13
5, 14
6, 14
7, 14
6, 14
7, 14
8, 15
7, 16
6, 16
5, 15
6, 14
7, 13
8, 13
9, 13
10, 14
10, 15
9, 14
10, 13
9, 14
9, 15
9, 16
10, 17
10, 18
10, 19
11, 19
12, 18
11, 17
10, 16
9, 15
8, 15
7, 16
7, 17
6, 16
5, 16
4, 15
3, 15
2, 14
1, 13
2, 13
3, 14
4, 14
5, 14
4, 14
3, 13
2, 13
1, 13
2, 14
2, 15
2, 14
1, 13
0, 13
-1, 14
-1, 15
-1, 16
0, 16
0, 17
0, 18
0, 19
0, 18
0, 17
-1, 16
-2, 16
-3, 16
-4, 17
-4, 18
-4, 19
-4, 20
-4, 21
-3, 22
-3, 23
-3, 24
-3, 25
-2, 25
-3, 25
-4, 25
-5, 26
-6, 25
-7, 25
-8, 24
-8, 23
-8, 22
-7, 21
-6, 21
-5, 21
-4, 22
-3, 22
-2, 22
-1, 23
0, 23
1, 23
2, 23
3, 22
3, 21
3, 20
3, 19
3, 18
3, 19
3, 20
2, 21
1, 21
2, 22
2, 23
2, 24
1, 25
0, 24
0, 23
0, 22
0, 23
0, 22
0, 21
-1, 20
-2, 20
-1, 20
0, 20
-1, 20
-2, 20
-3, 19
-4, 18
-4, 17
-4, 16
-4, 15
-4, 16
-4, 17
-3, 18
-2, 18
-1, 18
0, 17
0, 16
0, 15
1, 14
2, 13
2, 12
2, 11
3, 10
3, 9
3, 8
4, 7
5, 7
6, 6
6, 5
6, 4
7, 3
8, 3
9, 3
10, 2
9, 1
9, 0
9, -1
9, 0
9, 1
8, 2
9, 3
9, 2
10, 1
11, 1
11, 2
12, 3
13, 3
14, 3
15, 4
16, 4
17, 4
18, 4
17, 3
17, 2
17, 1
18, 2
19, 2
20, 2
21, 1
21, 2
21, 3
22, 2
21, 1
20, 1
19, 2
20, 3
19, 2
18, 2
18, 1
19, 0
20, 0
21, 0
22, 1
22, 2
21, 1
22, 0
23, 0
22, 1
22, 2
22, 3
22, 2
22, 1
21, 0
21, -1
21, -2
20, -2
21, -2
22, -2
21, -2
20, -2
19, -2
18, -1
18, -2
18, -3
18, -4
17, -5
16, -6
16, -7
16, -6
15, -5
15, -6
15, -7
14, -8
13, -8
12, -8
11, -9
11, -10
11, -9
11, -8
11, -7
10, -6
9, -6
8, -7
7, -7
8, -7
9, -7
8, -6
7, -6
6, -7
6, -8
5, -8
4, -7
4, -6
4, -5
4, -4
3, -3
2, -3
1, -3
0, -3
-1, -2
-1, -1
-1, 0
0, 1
1, 1
2, 0
1, -1
0, -1
-1, -1
-2, -2
-2, -3
-2, -4
-3, -5
-4, -5
-5, -5
-4, -5
-3, -5
-2, -5
-1, -4
0, -4
1, -4
2, -5
2, -6
2, -7
2, -6
2, -5
2, -4
1, -3
0, -4
0, -5
0, -6
-1, -6
-2, -6
-1, -6
0, -6
1, -6
2, -5
2, -4
2, -3
1, -2
1, -1
1, 0
0, 1
-1, 1
-2, 0
-1, -1
0, 0
0, 1
0, 2
-1, 3
-2, 3
-3, 3
-4, 4
-5, 4
-6, 4
-7, 4
-8, 4
-9, 5
-10, 6
-11, 5
-11, 4
-10, 3
-9, 3
-8, 2
-8, 1
-8, 0
-8, -1
-7, -2
-6, -2
-7, -2
-8, -1
-9, 0
-8, 0
-7, 1
-8, 2
-9, 2
-8, 2
-7, 2
-6, 1
-6, 0
-6, -1
-5, -2
-4, -2
-3, -2
-2, -1
-1, 0
-2, 1
-3, 1
-4, 1
-3, 1
-2, 1
-1, 2
-1, 3
0, 4
1, 3
1, 2
1, 1
0, 0
-1, 1
-1, 2
-1, 1
-1, 0
-2, -1
-3, -1
-2, -1
-1, -1
0, -1
0, 0
0, 1
0, 2
-1, 3
-2, 3
-3, 3
-4, 3
-5, 4
-5, 3
-5, 2
-5, 1
-6, 0
-7, 0
-8, 0
-9, -1
-8, -2
-7, -2
-8, -2
-9, -2
-9, -3
-9, -4
-8, -5
-7, -5
-8, -6
-9, -7
-10, -7
-9, -7
-8, -7
-7, -7
-8, -7
-7, -7
-6, -8
-6, -9
-7, -10
-8, -10
-9, -11
-9, -12
-9, -13
-9, -14
-9, -13
-9, -12
-9, -13
-9, -14
-9, -15
-9, -14
-9, -13
-10, -12
-11, -12
-12, -12
-13, -11
-12, -10
-11, -10
-10, -10
-9, -10
-10, -10
-11, -11
-11, -10
-12, -9
-13, -9
-14, -9
-13, -8
-12, -8
-11, -8
-10, -8
-11, -8
-12, -8
-13, -9
-13, -10
-13, -11
-13, -12
-13, -13
-13, -14
-12, -15
-13, -14
-13, -13
-13, -12
-13, -11
-12, -10
-11, -10
-10, -11
-10, -12
-10, -13
-9, -14
-8, -14
-7, -14
-6, -14
-5, -14
-4, -14
-3, -14
-4, -14
-5, -14
-6, -13
-6, -12
-6, -11
-6, -12
-6, -13
-5, -14
-4, -14
-3, -14
-2, -15
-1, -16
0, -16
1, -16
2, -17
3, -18
3, -19
3, -20
3, -21
3, -22
3, -21
2, -20
1, -20
0, -20
1, -20
2, -20
3, -20
2, -20
1, -21
1, -22
1, -23
1, -24
1, -25
0, -26
-1, -26
-2, -26
-3, -26
-4, -25
-4, -24
-3, -23
-3, -22
-3, -23
-3, -24
-3, -25
-2, -26
-1, -26
0, -26
1, -27
1, -28
1, -29
2, -30
3, -31
4, -31
3, -30
3, -29
3, -28
3, -27
3, -28
3, -29
2, -30
2, -31
3, -32
4, -32
3, -32
2, -32
1, -32
2, -31
2, -30
2, -31
2, -30
2, -29
2, -28
2, -27
3, -26
3, -25
2, -24
1, -24
2, -24
1, -24
0, -25
0, -26
0, -27
1, -28
2, -28
3, -28
4, -29
4, -30
4, -31
5, -32
6, -32
7, -32
8, -32
9, -32
8, -33
7, -33
6, -33
5, -33
6, -33
7, -33
8, -33
9, -33
8, -33
7, -33
6, -34
6, -35
6, -36
6, -37
6, -38
5, -39
6, -38
7, -38
8, -38
7, -38
6, -38
5, -38
4, -39
4, -40
4, -39
4, -38
4, -37
4, -36
4, -37
4, -38
4, -39
3, -40
2, -40
1, -40
0, -41
-1, -42
-2, -41
-2, -40
-2, -39
-2, -38
-2, -37
-2, -38
-2, -39
-2, -40
-1, -41
0, -41
1, -41
2, -42
2, -41
3, -40
4, -40
5, -40
5, -39
5, -38
5, -37
5, -38
5, -39
5, -40
5, -41
6, -40
6, -39
6, -38
6, -37
6, -36
6, -35
6, -34
6, -35
6, -36
5, -37
4, -37
3, -37
4, -37
5, -37
6, -37
7, -37
8, -36
9, -35
10, -35
11, -35
12, -35
13, -35
14, -35
15, -35
16, -34
16, -33
16, -32
17, -31
18, -31
19, -31
20, -31
19, -31
18, -31
17, -31
16, -31
15, -32
15, -33
15, -34
15, -35
14, -36
13, -36
14, -36
15, -36
16, -36
17, -36
16, -37
15, -36
15, -35
15, -34
15, -33
15, -32
15, -31
15, -30
15, -29
15, -28
16, -27
17, -27
18, -27
19, -27
20, -26
20, -25
20, -24
20, -23
20, -22
20, -21
21, -20
22, -20
23, -20
24, -20
25, -20
26, -19
26, -18
26, -17
26, -16
26, -15
27, -14
28, -14
29, -14
30, -14
31, -14
32, -14
33, -13
33, -12
33, -11
33, -10
33, -9
33, -8
32, -7
31, -7
32, -7
33, -7
33, -8
33, -9
33, -10
33, -11
33, -12
34, -13
33, -13
32, -13
31, -13
30, -13
29, -13
28, -14
28, -15
28, -16
28, -17
28, -18
28, -19
29, -20
29, -21
29, -22
30, -23
31, -23
32, -23
33, -24
33, -23
33, -22
33, -21
33, -22
33, -23
33, -24
33, -25
32, -26
32, -27
32, -28
32, -29
32, -30
31, -31
31, -32
31, -33
31, -34
31, -35
31, -36
31, -37
30, -36
29, -36
28, -35
28, -34
28, -33
27, -32
26, -32
25, -32
24, -32
23, -33
23, -34
23, -35
22, -36
21, -35
21, -34
21, -33
21, -32
22, -31
23, -31
24, -31
25, -31
26, -31
27, -31
28, -30
28, -29
28, -28
28, -27
28, -26
28, -25
29, -24
30, -24
31, -24
32, -24
31, -24
30, -25
30, -26
30, -27
30, -28
30, -29
30, -30
31, -31
32, -31
33, -31
34, -31
35, -31
36, -31
35, -32
34, -33
33, -34
33, -35
33, -36
33, -37
33, -38
33, -39
32, -40
31, -41
31, -42
30, -43
29, -43
28, -43
27, -43
26, -43
25, -42
25, -41
25, -40
25, -39
25, -38
24, -37
23, -36
23, -35
23, -34
23, -33
23, -32
22, -31
21, -31
20, -31
19, -31
18, -31
17, -32
17, -33
16, -34
15, -34
14, -35
14, -36
14, -37
14, -38
14, -39
14, -40
14, -39
13, -38
12, -38
11, -38
10, -39
10, -40
10, -41
10, -42
10, -41
10, -40
10, -39
9, -38
8, -38
7, -38
6, -37
6, -36
6, -35
6, -34
6, -33
6, -32
6, -33
7, -34
8, -34
9, -34
10, -34
11, -34
12, -34
13, -33
13, -32
13, -31
13, -30
14, -29
15, -29
14, -29
13, -29
12, -29
11, -29
10, -30
9, -31
8, -32
7, -33
7, -34
7, -35
7, -34
7, -33
7, -32
7, -31
7, -30
6, -29
5, -29
4, -29
3, -29
2, -29
1, -29
0, -28
0, -29
0, -30
0, -31
0, -32
-1, -33
-2, -34
-3, -35
-4, -35
-5, -35
-4, -35
-5, -35
-6, -35
-7, -35
-8, -35
-7, -34
-7, -33
-7, -32
-7, -31
-7, -30
-7, -29
-8, -28
-9, -28
-10, -28
-11, -28
-12, -28
-13, -27
-13, -26
-14, -25
-15, -25
-16, -25
-17, -25
-18, -25
-18, -26
-18, -27
-18, -28
-17, -29
-16, -29
-15, -29
-14, -29
-13, -29
-14, -29
-15, -29
-16, -29
-17, -29
-18, -29
-19, -28
-19, -27
-19, -26
-19, -25
-19, -24
-19, -23
-18, -22
-17, -22
-16, -22
-15, -23
-15, -24
-15, -25
-15, -26
-15, -27
-15, -28
-16, -29
-17, -29
-18, -29
-19, -29
-20, -29
-19, -29
-18, -30
-18, -31
-17, -32
-18, -32
-19, -32
-20, -32
-21, -32
-22, -32
-21, -33
-20, -33
-19, -32
-19, -31
-19, -30
-18, -31
-17, -31
-16, -31
-15, -31
-14, -30
-14, -29
-14, -28
-14, -27
-13, -26
-12, -26
-11, -26
-12, -26
-11, -27
-10, -27
-9, -27
-8, -27
-7, -27
-8, -27
-9, -27
-10, -27
-11, -26
-11, -25
-11, -24
-12, -23
-13, -23
-14, -22
-14, -21
-14, -20
-14, -19
-14, -18
-14, -17
-14, -16
-14, -15
-14, -16
-14, -17
-15, -16
-15, -15
-14, -14
-13, -14
-12, -14
-11, -14
-10, -14
-9, -14
-10, -14
-11, -14
-12, -14
-13, -14
-14, -15
-14, -16
-15, -17
-16, -17
-17, -17
-18, -16
-18, -15
-18, -14
-18, -13
-19, -12
-20, -12
-21, -12
-22, -12
-23, -12
-22, -12
-21, -12
-20, -12
-19, -12
-18, -12
-19, -11
-20, -11
-21, -10
-22, -10
-23, -10
-24, -10
-25, -10
-24, -10
-23, -10
-22, -10
-21, -10
-20, -10
-19, -10
-18, -9
-18, -8
-18, -7
-19, -6
-20, -6
-21, -6
-22, -6
-23, -6
-24, -6
-25, -6
-24, -6
-23, -6
-22, -5
-22, -4
-22, -3
-22, -4
-23, -5
-24, -5
-25, -5
-26, -5
-25, -5
-24, -5
-23, -5
-24, -5
-25, -5
-26, -5
-27, -5
-28, -5
-29, -5
-30, -6
-30, -7
-30, -8
-29, -9
-28, -8
-28, -7
-28, -6
-28, -5
-28, -4
-27, -3
-26, -3
-25, -3
-24, -3
-24, -4
-24, -5
-24, -6
-24, -7
-24, -8
-24, -9
-24, -10
-25, -9
-25, -8
-25, -7
-25, -8
-25, -9
-25, -10
-25, -9
-25, -8
-26, -7
-27, -7
-28, -7
-29, -7
-30, -7
-31, -8
-31, -9
-31, -10
-31, -11
-31, -12
-31, -11
-31, -10
-31, -9
-31, -8
-31, -7
-31, -6
-30, -5
-29, -5
-28, -5
-27, -5
-26, -5
-25, -4
-25, -3
-25, -4
-25, -5
-25, -6
-25, -7
-25, -8
-24, -9
-23, -9
-22, -9
-21, -9
-20, -9
-19, -9
-18, -9
-17, -8
-17, -7
-17, -6
-17, -5
-17, -4
-17, -3
-18, -2
-19, -3
-19, -4
-19, -5
-19, -4
-19, -3
-20, -2
-19, -3
-19, -4
-19, -5
-19, -6
-20, -7
-21, -7
-22, -7
-21, -7
-22, -8
-22, -9
-22, -10
-22, -11
-22, -10
-22, -9
-22, -8
-22, -7
-22, -6
-22, -5
-23, -4
-24, -4
-25, -4
-26, -4
-27, -4
-28, -4
-29, -4
-30, -3
-30, -2
-30, -3
-30, -4
-31, -3
-32, -4
-32, -5
-32, -6
-31, -7
-30, -7
-29, -7
-28, -7
-29, -7
-30, -7
-31, -7
-32, -7
-33, -8
-33, -9
-33, -10
-32, -11
-31, -11
-30, -11
-29, -11
-28, -12
-28, -13
-28, -14
-29, -15
-30, -15
-31, -15
-32, -15
-33, -15
-34, -15
-35, -14
-35, -13
-35, -12
-35, -11
-35, -10
-35, -9
-35, -8
-34, -7
-33, -7
-32, -7
-31, -7
-30, -7
-29, -7
-28, -7
-27, -6
-27, -5
-27, -4
-27, -3
-27, -2
-27, -1
-26, 0
-25, 0
-24, 0
-23, 0
-22, 1
-22, 2
-22, 3
-22, 4
-22, 5
-21, 6
-22, 7
-23, 7
-24, 7
-25, 7
-26, 7
-27, 6
-27, 5
-27, 6
-27, 7
-27, 8
-27, 7
-27, 6
-27, 5
-27, 4
-28, 3
-29, 3
-30, 3
-31, 3
-32, 3
-33, 3
-34, 3
-35, 3
-36, 3
-35, 3
-34, 3
-35, 3
-36, 3
-35, 3
-36, 3
-37, 3
-38, 2
-38, 1
-38, 2
-38, 3
-38, 4
-38, 5
-38, 6
-38, 5
-38, 4
-38, 3
-38, 2
-38, 1
-38, 0
-38, 1
-38, 2
-37, 3
-36, 3
-35, 3
-34, 3
-33, 3
-34, 3
-35, 3
-36, 3
-37, 3
-38, 3
-39, 2
-39, 1
-39, 0
-39, -1
-39, -2
-39, -3
-38, -2
-38, -1
-38, 0
-38, 1
-38, 2
-38, 3
-38, 4
-38, 5
-38, 6
-38, 7
-38, 8
-37, 9
-38, 9
-39, 9
-40, 9
-41, 9
-42, 9
-43, 9
-42, 9
-41, 9
-40, 9
-39, 9
-38, 9
-37, 9
-36, 8
-36, 7
-36, 6
-35, 5
-34, 5
-33, 5
-32, 5
-31, 5
-30, 5
-29, 5
-28, 5
-29, 5
-30, 5
-29, 5
-28, 5
-27, 5
-28, 6
-28, 7
-28, 8
-28, 9
-28, 10
-29, 11
-30, 11
-31, 11
-32, 11
-33, 11
-34, 11
-35, 11
-36, 11
-37, 10
-36, 9
-35, 9
-34, 9
-33, 9
-32, 10
-32, 11
-32, 12
-31, 13
-30, 13
-29, 13
-28, 13
-27, 13
-26, 13
-25, 13
-24, 13
-23, 12
-23, 11
-23, 10
-23, 11
-23, 12
-23, 13
-23, 14
-23, 15
-23, 16
-22, 17
-21, 17
-20, 17
-19, 17
-18, 17
-17, 17
-16, 17
-15, 17
-14, 16
-14, 15
-14, 14
-14, 13
-14, 14
-14, 15
-14, 14
-14, 13
-15, 12
-16, 12
-17, 12
-18, 11
-18, 10
-17, 9
-16, 9
-15, 9
-14, 9
-15, 9
-16, 9
-17, 9
-18, 9
-19, 9
-20, 9
-21, 10
-21, 11
-21, 12
-21, 13
-21, 14
-21, 15
-21, 16
-21, 17
-22, 16
-23, 16
-24, 16
-25, 16
-26, 16
-27, 16
-28, 16
-29, 15
-29, 14
-29, 13
-29, 12
-29, 13
-29, 14
-30, 15
-30, 16
-30, 17
-30, 18
-30, 17
-30, 18
-30, 19
-30, 20
-30, 21
-30, 22
-30, 21
-30, 20
-30, 19
-30, 20
-30, 21
-30, 22
-29, 23
-28, 23
-27, 23
-26, 23
-25, 23
-24, 23
-23, 23
-22, 23
-23, 24
-23, 25
-23, 26
-23, 27
-24, 28
-25, 28
-26, 28
-27, 28
-28, 28
-29, 28
-30, 29
-31, 29
-30, 29
-29, 29
-28, 29
-27, 29
-26, 30
-26, 31
-26, 32
-26, 33
-26, 34
-26, 35
-26, 36
-26, 37
-27, 37
-28, 37
-29, 37
-30, 37
-31, 37
-30, 38
-29, 39
-28, 39
-27, 39
-26, 39
-25, 40
-25, 41
-25, 42
-25, 43
-25, 44
-25, 45
-25, 46
-24, 47
-23, 48
-23, 49
-24, 50
-25, 50
-26, 50
-27, 51
-27, 52
-27, 53
-27, 54
-26, 55
-25, 56
-25, 57
-25, 58
-25, 59
-25, 60
-25, 61
-25, 62
-26, 63
-27, 63
-28, 64
-28, 65
-28, 66
-28, 67
-28, 68
-29, 67
-30, 67
-31, 67
-32, 68
-32, 69
-32, 70
-32, 71
-32, 72
-32, 73
-32, 74
-32, 75
-33, 76
-34, 76
-35, 76
-36, 76
-37, 76
-36, 76
-35, 76
-34, 76
-35, 76
-36, 76
-37, 76
-38, 76
-39, 76
-40, 75
-40, 76
-40, 77
-40, 78
-40, 79
-40, 80
-40, 81
-40, 80
-40, 79
-40, 78
-41, 77
-42, 77
-43, 77
-44, 77
-45, 77
-46, 76
-47, 76
-48, 76
-49, 76
-50, 76
-51, 76
-52, 76
-53, 76
-54, 76
-53, 76
-52, 76
-51, 76
-50, 76
-49, 76
-48, 76
-47, 76
-46, 77
-45, 77
-44, 77
-43, 76
-43, 75
-43, 74
-43, 73
-43, 72
-43, 71
-43, 70
-43, 69
-44, 68
-45, 67
-45, 66
-45, 65
-45, 64
-45, 63
-45, 62
-45, 61
-44, 60
-43, 60
-42, 60
-41, 60
-40, 60
-39, 60
-38, 60
-37, 61
-37, 62
-37, 63
-37, 64
-37, 65
-37, 66
-37, 67
-36, 68
-35, 68
-34, 68
-33, 68
-32, 68
-31, 68
-30, 67
-30, 66
-30, 65
-30, 64
-30, 63
-30, 62
-29, 61
-28, 61
-27, 61
-26, 61
-25, 61
-26, 60
-26, 59
-26, 58
-27, 59
-28, 59
-29, 59
-30, 58
-30, 57
-30, 56
-29, 57
-28, 57
-27, 57
-26, 57
-25, 57
-24, 57
-23, 57
-24, 57
-25, 57
-26, 57
-27, 57
-26, 57
-25, 57
-24, 57
-23, 57
-22, 57
-21, 57
-20, 57
-19, 58
-19, 59
-19, 60
-19, 61
-19, 62
-19, 63
-19, 64
-19, 65
-20, 66
-21, 66
-22, 66
-23, 66
-24, 66
-25, 67
-25, 68
-25, 69
-26, 70
-27, 70
-28, 70
-29, 70
-30, 69
-30, 68
-30, 67
-30, 66
-30, 65
-30, 64
-30, 63
-29, 64
-28, 64
-27, 64
-26, 64
-25, 64
-24, 65
-24, 66
-24, 67
-24, 68
-24, 69
-24, 70
-24, 69
-23, 68
-22, 68
-21, 68
-20, 68
-19, 68
-20, 68
-21, 68
-22, 68
-23, 68
-24, 68
-25, 68
-26, 68
-27, 67
-27, 66
-27, 65
-27, 64
-27, 63
-28, 62
-29, 62
-30, 62
-31, 62
-32, 62
-33, 62
-34, 62
-35, 61
-35, 60
-35, 59
-35, 58
-35, 57
-35, 56
-35, 55
-35, 56
-35, 57
-35, 58
-35, 59
-35, 58
-35, 57
-35, 56
-35, 55
-35, 54
-35, 53
-35, 52
-35, 53
-35, 54
-35, 55
-35, 54
-35, 53
-35, 52
-35, 51
-35, 50
-35, 49
-36, 48
-37, 48
-38, 48
-39, 48
-40, 48
-39, 48
-38, 48
-37, 48
-36, 48
-37, 48
-38, 48
-39, 48
-40, 48
-39, 48
-38, 48
-37, 48
-36, 48
-35, 48
-34, 48
-33, 48
-34, 47
-34, 46
-34, 45
-35, 44
-36, 44
-37, 44
-38, 45
-38, 46
-37, 45
-37, 44
-37, 43
-37, 42
-37, 41
-37, 42
-37, 43
-37, 44
-36, 45
-35, 45
-34, 45
-33, 44
-33, 43
-33, 42
-33, 43
-33, 44
-33, 45
-34, 46
-35, 46
-36, 46
-37, 46
-38, 46
-39, 46
-40, 46
-41, 46
-40, 45
-40, 44
-40, 43
-40, 42
-41, 41
-42, 41
-43, 41
-44, 41
-45, 41
-46, 41
-47, 40
-47, 39
-46, 40
-45, 40
-44, 40
-43, 40
-42, 40
-41, 40
-40, 40
-39, 40
-38, 40
-37, 40
-38, 40
-37, 40
-36, 40
-35, 40
-34, 40
-33, 39
-33, 38
-33, 37
-33, 36
-33, 35
-33, 34
-34, 33
-34, 32
-34, 31
-34, 30
-34, 29
-34, 28
-33, 27
-32, 27
-31, 27
-30, 27
-29, 27
-28, 26
-29, 25
-30, 25
-29, 25
-28, 25
-27, 25
-26, 25
-25, 25
-24, 25
-23, 25
-22, 25
-21, 25
-22, 25
-23, 25
-24, 25
-25, 24
-25, 23
-25, 22
-25, 21
-25, 20
-25, 19
-25, 18
-25, 17
-26, 16
-27, 16
-28, 16
-29, 16
-30, 16
-31, 16
-32, 16
-33, 16
-34, 17
-34, 18
-34, 19
-34, 20
-34, 21
-34, 22
-34, 23
-34, 24
-34, 23
-34, 22
-33, 23
-32, 23
-31, 23
-30, 23
-29, 23
-28, 24
-28, 25
-28, 26
-28, 27
-28, 28
-27, 29
-26, 29
-25, 29
-24, 29
-23, 29
-22, 29
-21, 29
-20, 30
-20, 29
-20, 28
-20, 27
-20, 26
-21, 25
-22, 25
-23, 25
-24, 25
-25, 24
-26, 25
-26, 26
-26, 27
-26, 28
-26, 29
-25, 30
-24, 30
-23, 31
-23, 32
-23, 33
-23, 34
-23, 35
-23, 36
-23, 37
-23, 38
-23, 39
-23, 40
-22, 39
-22, 38
-22, 37
-22, 36
-22, 35
-21, 36
-20, 36
-19, 36
-18, 36
-17, 36
-16, 36
-15, 36
-16, 36
-17, 36
-18, 36
-19, 35
-19, 34
-19, 33
-20, 32
-21, 32
-22, 32
-23, 32
-22, 32
-21, 32
-20, 32
-19, 32
-18, 31
-18, 30
-18, 29
-18, 28
-18, 27
-19, 27
-20, 27
-21, 27
-22, 27
-23, 28
-23, 29
-23, 30
-23, 31
-22, 32
-21, 32
-20, 32
-19, 32
-18, 33
-18, 34
-18, 35
-19, 36
-20, 36
-21, 36
-22, 36
-23, 35
-23, 34
-22, 33
-21, 33
-20, 33
-21, 33
-22, 33
-23, 33
-24, 33
-25, 33
-26, 33
-25, 34
-24, 34
-23, 34
-22, 34
-23, 34
-24, 34
-25, 34
-26, 34
-27, 34
-28, 33
-28, 32
-28, 31
-28, 30
-28, 29
-28, 28
-28, 27
-28, 26
-27, 25
-26, 25
-25, 26
-25, 27
-25, 28
-25, 29
-25, 30
-24, 31
-23, 31
-22, 31
-21, 31
-20, 31
-19, 31
-19, 32
-19, 33
-19, 34
-19, 35
-19, 36
-19, 37
-19, 36
-19, 35
-20, 34
-21, 34
-22, 34
-23, 34
-24, 34
-25, 34
-26, 34
-27, 34
-28, 35
-28, 36
-28, 37
-28, 38
-28, 39
-29, 40
-30, 40
-31, 40
-32, 40
-33, 40
-34, 40
-33, 40
-32, 39
-32, 38
-32, 37
-32, 36
-32, 35
-32, 34
-31, 33
-30, 33
-29, 33
-28, 33
-27, 32
-27, 31
-27, 30
-27, 29
-27, 28
-28, 27
-28, 26
-29, 25
-30, 25
-31, 25
-32, 25
-33, 26
-33, 27
-33, 28
-33, 29
-33, 30
-32, 31
-31, 31
-30, 31
-29, 31
-28, 31
-27, 31
-26, 31
-27, 31
-28, 31
-29, 31
-30, 31
-31, 31
-30, 31
-29, 31
-28, 31
-27, 31
-26, 31
-25, 30
-25, 29
-25, 28
-25, 27
-25, 26
-25, 25
-25, 24
-26, 23
-27, 23
-28, 22
-28, 21
-28, 20
-29, 19
-30, 20
-31, 21
-32, 21
-33, 21
-34, 21
-35, 21
-36, 21
-37, 21
-38, 22
-39, 22
-40, 22
-41, 22
-42, 22
-43, 22
-44, 22
-45, 22
-46, 22
-47, 23
-47, 24
-47, 25
-47, 26
-47, 27
-47, 28
-47, 29
-46, 30
-45, 30
-44, 30
-43, 30
-42, 31
-42, 32
-42, 33
-42, 34
-42, 35
-43, 36
-44, 36
-45, 36
-46, 36
-47, 36
-48, 36
-49, 37
-49, 38
-49, 37
-49, 36
-49, 35
-49, 34
-50, 33
-51, 33
-52, 32
-52, 31
-52, 30
-52, 29
-52, 28
-52, 27
-52, 26
-52, 25
-52, 24
-52, 23
-52, 22
-52, 21
-52, 20
-52, 19
-52, 18
-52, 19
-52, 20
-52, 21
-52, 22
-52, 23
-52, 24
-52, 25
-53, 25
-54, 25
-55, 25
-56, 25
-57, 25
-58, 25
-58, 24
-58, 23
-58, 24
-58, 25
-58, 26
-58, 27
-57, 28
-57, 29
-57, 30
-57, 31
-57, 32
-57, 33
-57, 34
-58, 35
-59, 35
-60, 35
-61, 35
-62, 35
-63, 34
-63, 33
-63, 32
-63, 31
-64, 30
-65, 29
-65, 30
-65, 31
-65, 32
-64, 33
-63, 33
-62, 33
-61, 32
-61, 31
-61, 30
-61, 31
-61, 32
-61, 33
-61, 34
-61, 35
-61, 36
-62, 37
-63, 37
-64, 37
-65, 37
-66, 37
-67, 36
-68, 36
-69, 36
-70, 36
-71, 37
-71, 38
-71, 37
-71, 36
-71, 35
-71, 34
-71, 33
-71, 32
-70, 31
-69, 31
-68, 31
-67, 31
-66, 31
-65, 31
-66, 31
-67, 31
-68, 31
-69, 31
-70, 31
-71, 31
-70, 30
-70, 29
-70, 28
-70, 27
-70, 26
-70, 27
-70, 28
-70, 29
-70, 30
-70, 31
-70, 32
-70, 33
-69, 34
-68, 35
-67, 35
-66, 34
-66, 33
-67, 32
-67, 31
-67, 30
-67, 29
-67, 28
-67, 27
-67, 26
-66, 27
-66, 26
-66, 25
-66, 24
-66, 23
-65, 22
-64, 22
-63, 22
-62, 22
-63, 22
-64, 22
-65, 22
-66, 22
-65, 22
-64, 22
-65, 21
-65, 20
-65, 19
-65, 18
-64, 17
-63, 17
-62, 17
-61, 17
-60, 16
-60, 15
-60, 14
-60, 13
-59, 12
-60, 13
-61, 13
-62, 13
-63, 13
-64, 13
-65, 13
-66, 12
-66, 11
-66, 10
-66, 9
-66, 8
-66, 7
-66, 6
-66, 5
-65, 6
-64, 7
-64, 6
-64, 5
-64, 4
-64, 3
-64, 2
-63, 1
-63, 0
-64, -1
-65, -1
-66, -1
-67, -1
-68, -1
-69, -1
-70, -1
-71, -1
-70, -2
-69, -2
-68, -2
-67, -2
-66, -2
-65, -2
-64, -2
-65, -2
-66, -2
-67, -2
-68, -3
-68, -4
-68, -5
-68, -6
-68, -7
-68, -6
-68, -5
-68, -4
-69, -4
-70, -4
-71, -4
-72, -4
-71, -4
-70, -4
-69, -4
-68, -4
-67, -4
-68, -4
-69, -4
-70, -4
-71, -3
-70, -2
-69, -2
-68, -2
-67, -2
-66, -2
-65, -2
-64, -2
-63, -2
-62, -3
-62, -4
-61, -3
-61, -2
-61, -1
-61, 0
-61, 1
-60, 2
-61, 3
-62, 3
-63, 3
-64, 3
-63, 3
-64, 3
-65, 3
-66, 3
-67, 3
-68, 3
-69, 3
-68, 3
-67, 3
-66, 3
-65, 3
-64, 3
-63, 3
-62, 2
-61, 2
-60, 2
-59, 2
-58, 2
-57, 2
-56, 2
-55, 2
-54, 2
-53, 3
-52, 4
-52, 5
-52, 6
-52, 7
-52, 8
-52, 9
-52, 10
-52, 11
-51, 12
-50, 12
-49, 12
-48, 12
-49, 12
-50, 13
-50, 14
-50, 15
-50, 16
-51, 17
-52, 17
-53, 17
-54, 17
-55, 17
-56, 17
-57, 17
-58, 16
-58, 15
-58, 14
-58, 13
-58, 12
-58, 11
-58, 10
-57, 11
-56, 12
-55, 12
-54, 12
-53, 12
-52, 12
-53, 11
-53, 10
-53, 9
-53, 8
-53, 7
-53, 6
-54, 5
-55, 5
-56, 5
-57, 5
-58, 5
-59, 5
-59, 4
-58, 3
-59, 3
-60, 3
-61, 3
-62, 2
-62, 1
-62, 0
-62, -1
-61, -2
-60, -3
-61, -4
-62, -3
-62, -2
-62, -1
-62, 0
-62, -1
-61, 0
-61, 1
-61, 2
-60, 1
-60, 0
-60, -1
-60, -2
-60, -3
-60, -4
-61, -5
-62, -5
-63, -5
-64, -5
-65, -5
-66, -5
-65, -5
-64, -5
-63, -5
-62, -5
-61, -4
-61, -3
-61, -2
-61, -1
-61, 0
-61, 1
-61, 2
-61, 3
-62, 3
-63, 3
-64, 3
-65, 3
-66, 3
-67, 3
-68, 4
-68, 5
-68, 6
-68, 7
-67, 7
-67, 6
-68, 5
-67, 5
-66, 5
-65, 5
-64, 5
-63, 5
-62, 5
-61, 5
-60, 4
-59, 4
-58, 4
-57, 4
-56, 3
-55, 2
-54, 2
-53, 2
-52, 2
-51, 2
-50, 2
-49, 2
-48, 3
-47, 3
-48, 3
-47, 3
-46, 3
-45, 3
-44, 3
-43, 3
-42, 4
-42, 5
-42, 6
-42, 7
-42, 8
-42, 9
-41, 9
-40, 9
-39, 9
-38, 9
-37, 9
-36, 9
-35, 9
-34, 9
-33, 8
-33, 7
-33, 6
-33, 5
-33, 4
-33, 3
-33, 2
-34, 1
-35, 1
-36, 1
-37, 1
-38, 0
-39, -1
-40, -1
-41, -1
-42, -1
-43, -1
-44, -1
-45, -1
-44, -1
-43, -1
-42, -1
-41, 0
-41, 1
-41, 2
-41, 1
-41, 0
-41, -1
-41, -2
-41, -3
-41, -4
-41, -5
-42, -6
-43, -6
-44, -6
-45, -6
-44, -6
-43, -6
-42, -6
-41, -6
-40, -6
-39, -6
-38, -6
-37, -6
-37, -5
-37, -4
-36, -3
-35, -2
-35, -1
-35, 0
-35, 1
-36, 0
-37, 0
-38, 0
-39, 0
-40, 0
-41, 0
-40, 0
-39, 0
-38, 1
-39, 2
-40, 2
-41, 2
-42, 1
-42, 0
-43, -1
-44, -1
-45, -1
-46, -1
-47, -1
-48, -1
-49, -1
-50, -1
-51, -2
-51, -3
-51, -4
-51, -5
-51, -6
-51, -7
-51, -8
-51, -7
-51, -6
-51, -5
-51, -4
-51, -3
-51, -2
-52, -1
-53, -1
-54, -1
-55, -1
-56, -1
-57, -1
-58, -2
-58, -1
-58, 0
-58, 1
-58, 2
-58, 3
-58, 4
-58, 5
-58, 6
-58, 7
-58, 8
-58, 9
-58, 10
-58, 11
-58, 10
-58, 9
-58, 8
-58, 7
-58, 6
-58, 5
-59, 4
-60, 4
-61, 4
-62, 4
-63, 4
-64, 4
-65, 4
-66, 5
-66, 6
-66, 7
-66, 8
-66, 9
-66, 10
-66, 11
-66, 12
-67, 13
-68, 13
-69, 13
-70, 13
-71, 13
-72, 12
-72, 11
-72, 10
-72, 9
-72, 8
-72, 7
-72, 6
-72, 7
-72, 8
-72, 9
-72, 10
-72, 11
-72, 12
-72, 13
-73, 14
-73, 15
-73, 16
-73, 17
-72, 18
-72, 17
-72, 16
-72, 15
-72, 14
-73, 13
-74, 13
-75, 13
-76, 13
-77, 13
-78, 13
-79, 13
-80, 13
-81, 14
-81, 15
-81, 16
-81, 15
-81, 14
-80, 13
-79, 13
-78, 13
-79, 13
-80, 13
-81, 13
-80, 13
-79, 13
-78, 13
-77, 13
-76, 13
-75, 13
-74, 13
-73, 12
-72, 11
-71, 11
-70, 11
-69, 11
-68, 10
-68, 9
-68, 8
-67, 8
-66, 8
-66, 7
-66, 6
-66, 5
-66, 4
-66, 3
-66, 2
-66, 1
-66, 0
-66, -1
-66, -2
-66, -3
-66, -4
-66, -5
-66, -6
-65, -7
-64, -7
-63, -7
-62, -7
-61, -7
-62, -7
-63, -7
-64, -8
-64, -9
-64, -10
-64, -11
-64, -12
-64, -13
-64, -14
-64, -15
-65, -14
-66, -14
-67, -14
-68, -14
-69, -14
-70, -14
-71, -14
-72, -14
-72, -13
-72, -12
-72, -11
-72, -10
-72, -9
-72, -8
-72, -7
-72, -6
-72, -5
-72, -4
-72, -3
-73, -3
-74, -3
-75, -3
-74, -3
-73, -3
-72, -4
-72, -5
-72, -6
-72, -7
-72, -8
-72, -9
-73, -10
-74, -10
-75, -10
-74, -10
-73, -10
-72, -9
-72, -10
-72, -11
-72, -12
-72, -13
-72, -14
-72, -15
-72, -16
-73, -17
-74, -17
-75, -17
-76, -17
-77, -17
-78, -17
-79, -17
-80, -17
-81, -16
-82, -16
-83, -16
-84, -16
-85, -16
-86, -16
-87, -16
-88, -16
-89, -16
-90, -16
-91, -16
-92, -16
-91, -16
-90, -16
-89, -16
-88, -16
-87, -16
-86, -16
-85, -16
-86, -16
-87, -16
-88, -16
-89, -16
-89, -15
-88, -15
-87, -15
-86, -15
-85, -15
-84, -15
-83, -15
-82, -15
-81, -16
-82, -16
-83, -16
-84, -16
-85, -16
-86, -16
-85, -16
-84, -16
-83, -16
-82, -17
-81, -18
-81, -19
-81, -20
-81, -21
-81, -22
-81, -23
-81, -24
-81, -25
-80, -24
-80, -23
-81, -22
-82, -22
-83, -22
-84, -22
-85, -22
-86, -22
-87, -22
-88, -22
-89, -22
-90, -23
-90, -24
-90, -25
-90, -26
-90, -27
-90, -28
-89, -29
-88, -29
-89, -30
-90, -30
-91, -30
-92, -30
-92, -31
-92, -32
-92, -33
-92, -34
-92, -35
-91, -36
-90, -36
-89, -36
-88, -36
-87, -35
-87, -34
-87, -33
-87, -32
-87, -31
-86, -32
-87, -32
-88, -32
-89, -32
-90, -32
-91, -32
-92, -32
-93, -31
-93, -30
-93, -29
-93, -28
-93, -29
-93, -30
-93, -31
-93, -32
-93, -33
-93, -34
-93, -35
-93, -34
-93, -33
-93, -32
-94, -31
-95, -31
-96, -31
-97, -31
-98, -31
-99, -31
-100, -31
-101, -31
-101, -32
-101, -33
-101, -34
-101, -35
-100, -35
-99, -35
-98, -35
-99, -35
-100, -35
-101, -35
-102, -35
-103, -35
-104, -35
-105, -36
-105, -37
-105, -38
-105, -39
-104, -40
-103, -41
-103, -42
-103, -43
-103, -44
-103, -45
-103, -46
-103, -47
-104, -48
-103, -49
-102, -49
-101, -49
-100, -49
-99, -49
-100, -50
-101, -51
-101, -52
-101, -51
-101, -50
-101, -49
-101, -48
-102, -49
-102, -50
-102, -51
-102, -52
-102, -53
-103, -53
-104, -53
-105, -53
-106, -53
-107, -53
-108, -53
-109, -53
-110, -53
-109, -53
-108, -53
-107, -54
-107, -55
-107, -56
-107, -57
-107, -58
-107, -59
-107, -58
-107, -57
-107, -56
-107, -55
-107, -54
-107, -55
-107, -56
-107, -57
-107, -58
-107, -59
-107, -60
-107, -61
-108, -62
-108, -61
-108, -60
-108, -59
-108, -58
-108, -57
-108, -56
-108, -55
-109, -54
-110, -54
-111, -54
-112, -54
-113, -54
-114, -54
-115, -55
-116, -55
-117, -55
-118, -55
-119, -55
-120, -55
-121, -55
-122, -55
-123, -55
-123, -54
-123, -53
-123, -52
-123, -51
-123, -50
-123, -49
-123, -48
-123, -49
-123, -50
-123, -51
-123, -52
-123, -53
-123, -54
-123, -55
-123, -56
-122, -57
-121, -58
-120, -58
-119, -58
-118, -58
-117, -58
-116, -57
-116, -56
-116, -57
-115, -58
-114, -58
-113, -58
-112, -58
-111, -58
-110, -58
-109, -58
-108, -58
-107, -57
-107, -56
-107, -55
-107, -54
-107, -53
-107, -52
-108, -51
-109, -51
-110, -51
-111, -51
-112, -51
-113, -51
-114, -50
-114, -51
-114, -52
-114, -53
-114, -54
-114, -55
-114, -56
-115, -57
-115, -58
-115, -59
-115, -60
-115, -61
-115, -62
-115, -63
-114, -62
-113, -62
-112, -62
-111, -62
-110, -62
-109, -62
-108, -62
-107, -62
-106, -62
-107, -62
-108, -62
-109, -62
-110, -62
-111, -62
-112, -63
-112, -64
-112, -65
-112, -64
-112, -63
-112, -62
-112, -61
-112, -60
-112, -59
-112, -58
-112, -59
-112, -60
-112, -61
-112, -62
-112, -63
-112, -64
-112, -65
-113, -66
-113, -67
-113, -68
-113, -67
-113, -66
-112, -65
-111, -65
-110, -65
-109, -65
-110, -64
-111, -64
-112, -64
-113, -64
-114, -64
-115, -64
-116, -64
-117, -65
-118, -66
-119, -66
-120, -66
-121, -66
-122, -66
-123, -66
-124, -66
-124, -67
-123, -66
-123, -65
-123, -64
-124, -63
-125, -63
-126, -63
-127, -63
-128, -63
-127, -63
-126, -63
-125, -63
-124, -63
-123, -63
-122, -63
-121, -63
-120, -62
-119, -62
-118, -62
-119, -61
-120, -61
-121, -61
-122, -61
-123, -61
-124, -61
-125, -61
-126, -61
-127, -61
-128, -61
-129, -61
-130, -61
-131, -61
-131, -60
-131, -59
-131, -58
-131, -57
-131, -56
-131, -55
-131, -54
-131, -53
-132, -52
-133, -52
-134, -52
-135, -52
-136, -52
-137, -52
-138, -52
-139, -52
-140, -52
-141, -52
-142, -52
-142, -53
-142, -54
-142, -55
-142, -56
-141, -57
-140, -57
-139, -57
-138, -57
-137, -57
-136, -56
-136, -55
-136, -54
-136, -53
-136, -52
-136, -51
-136, -50
-136, -49
-136, -50
-136, -51
-136, -52
-136, -53
-136, -54
-136, -53
-136, -52
-136, -51
-135, -50
-134, -50
-133, -50
-132, -50
-131, -50
-130, -50
-129, -50
-128, -51
-127, -52
-126, -52
-125, -52
-124, -52
-123, -52
-122, -52
-121, -52
-120, -52
-119, -51
-119, -50
-119, -49
-119, -48
-119, -47
-118, -47
-117, -47
-116, -47
-115, -47
-114, -47
-115, -47
-116, -47
-117, -47
-118, -47
-119, -47
-120, -47
-121, -47
-122, -46
-123, -46
-124, -46
-125, -47
-125, -48
-125, -49
-125, -50
-124, -51
-124, -52
-124, -53
-124, -54
-124, -55
-124, -56
-124, -57
-124, -58
-125, -59
-126, -59
-127, -58
-127, -57
-127, -56
-127, -55
-127, -56
-127, -57
-127, -58
-127, -59
-127, -60
-126, -61
-125, -60
-126, -61
-126, -62
-126, -63
-126, -64
-127, -65
-127, -66
-127, -67
-127, -68
-127, -69
-127, -70
-127, -71
-128, -72
-128, -73
-128, -74
-128, -75
-128, -76
-128, -75
-128, -74
-128, -73
-128, -72
-127, -71
-127, -72
-127, -73
-127, -72
-127, -71
-127, -70
-127, -69
-128, -68
-128, -67
-127, -66
-126, -66
-125, -66
-124, -65
-124, -64
-124, -63
-124, -62
-124, -61
-124, -60
-124, -59
-123, -58
-122, -58
-121, -58
-120, -58
-119, -58
-119, -57
-119, -56
-119, -55
-119, -54
-119, -53
-119, -52
-119, -51
-119, -50
-120, -49
-121, -49
-122, -49
-123, -49
-124, -49
-125, -48
-125, -47
-125, -46
-125, -45
-125, -44
-125, -43
-125, -42
-126, -41
-127, -41
-128, -41
-129, -41
-130, -41
-131, -41
-132, -41
-133, -42
-133, -43
-133, -44
-133, -43
-133, -42
-133, -41
-133, -40
-133, -39
-132, -38
-133, -37
-134, -37
-135, -37
-136, -38
-136, -39
-136, -40
-136, -41
-136, -42
-136, -43
-136, -44
-136, -45
-135, -46
-135, -47
-135, -48
-135, -49
-135, -50
-135, -51
-135, -52
-135, -53
-135, -52
-135, -51
-136, -52
-137, -53
-137, -54
-137, -55
-137, -56
-137, -57
-137, -58
-137, -59
-137, -60
-138, -61
-139, -61
-140, -61
-141, -61
-142, -60
-143, -60
-144, -60
-145, -60
-146, -60
-146, -59
-146, -58
-146, -57
-146, -56
-146, -55
-146, -54
-145, -53
-144, -52
-144, -51
-144, -50
-144, -51
-143, -52
-142, -52
-141, -52
-140, -52
-139, -53
-138, -53
-137, -53
-136, -53
-135, -52
-135, -51
-135, -50
-135, -49
-135, -48
-135, -47
-135, -46
-135, -45
-134, -44
-133, -44
-132, -44
-131, -44
-130, -44
-129, -44
-128, -44
-127, -44
-126, -44
-125, -45
-126, -45
-127, -45
-128, -45
-129, -45
-130, -45
-131, -45
-132, -45
-131, -44
-130, -44
-129, -44
-128, -44
-129, -45
-130, -45
-130, -46
-130, -47
-130, -48
-130, -49
-130, -50
-130, -51
-129, -52
-128, -52
-127, -52
-126, -52
-125, -53
-125, -54
-125, -55
-125, -56
-125, -57
-125, -58
-125, -59
-126, -58
-126, -57
-126, -56
-126, -55
-126, -54
-126, -53
-126, -52
-126, -51
-126, -50
-127, -50
-128, -50
-129, -50
-130, -50
-131, -50
-132, -50
-133, -50
-132, -50
-131, -50
-130, -50
-130, -49
-130, -48
-130, -47
-130, -46
-130, -45
-131, -44
-132, -45
-133, -46
-134, -46
-135, -46
-136, -46
-137, -46
-138, -46
-139, -46
-140, -46
-141, -47
-142, -48
-143, -48
-144, -48
-145, -48
-146, -48
-147, -48
-148, -49
-148, -50
-148, -51
-148, -52
-148, -53
-148, -54
-148, -55
-148, -56
-149, -57
-150, -56
-150, -55
-150, -54
-150, -53
-150, -52
-150, -51
-150, -50
-149, -49
-148, -49
-147, -49
-146, -49
-145, -49
-144, -48
-144, -47
-144, -46
-144, -45
-144, -44
-143, -43
-142, -43
-141, -43
-140, -43
-139, -43
-138, -43
-137, -44
-137, -45
-137, -46
-137, -47
-136, -48
-135, -48
-134, -48
-133, -48
-132, -48
-131, -48
-130, -48
-129, -48
-130, -48
-131, -48
-131, -49
-131, -50
-131, -51
-131, -52
-131, -53
-131, -54
-131, -55
-131, -56
-131, -57
-130, -58
-129, -58
-128, -58
-127, -58
-126, -58
-125, -58
-124, -58
-123, -59
-123, -60
-124, -61
-125, -61
-126, -61
-127, -61
-128, -61
-129, -61
-130, -60
-130, -59
-129, -60
-128, -60
-127, -60
-126, -60
-125, -60
-124, -60
-123, -59
-123, -58
-123, -57
-122, -56
-121, -56
-120, -56
-119, -56
-118, -56
-117, -55
-117, -54
-117, -53
-117, -52
-117, -51
-117, -52
-117, -53
-117, -54
-117, -55
-117, -56
-117, -55
-117, -54
-117, -53
-117, -52
-117, -51
-117, -50
-117, -51
-117, -52
-117, -53
-117, -54
-117, -55
-117, -56
-116, -57
-115, -57
-114, -57
-113, -57
-112, -57
-111, -57
-112, -57
-113, -57
-114, -57
-115, -57
-116, -57
-117, -57
-118, -57
-119, -58
-119, -59
-119, -60
-119, -61
-119, -62
-119, -63
-119, -64
-119, -63
-119, -62
-119, -61
-119, -60
-119, -59
-119, -60
-119, -61
-119, -62
-119, -63
-118, -64
-117, -64
-116, -64
-115, -64
-114, -64
-113, -64
-113, -63
-113, -62
-113, -61
-113, -60
-113, -59
-114, -59
-115, -59
-116, -59
-117, -58
-117, -57
-117, -56
-117, -55
-117, -54
-116, -53
-115, -54
-115, -55
-115, -56
-115, -57
-115, -58
-115, -59
-115, -60
-116, -61
-115, -60
-114, -60
-113, -60
-112, -59
-112, -58
-112, -57
-112, -56
-112, -55
-112, -54
-112, -53
-111, -52
-111, -51
-111, -52
-111, -53
-111, -54
-111, -55
-112, -54
-113, -54
-114, -54
-115, -53
-115, -52
-115, -51
-115, -50
-115, -49
-115, -48
-115, -47
-115, -46
-116, -45
-117, -45
-118, -45
-119, -45
-120, -45
-121, -45
-122, -46
-123, -46
-124, -46
-125, -47
-125, -48
-125, -49
-125, -50
-125, -51
-125, -52
-124, -53
-123, -53
-122, -53
-121, -53
-120, -53
-119, -53
-118, -52
-118, -51
-117, -50
-116, -50
-115, -50
-114, -50
-113, -50
-112, -50
-111, -50
-110, -49
-110, -48
-110, -47
-110, -46
-109, -45
-108, -46
-108, -47
-108, -48
-108, -49
-108, -50
-108, -51
-109, -52
-110, -52
-111, -52
-112, -52
-113, -52
-114, -52
-115, -52
-116, -51
-116, -50
-116, -49
-116, -48
-115, -49
-115, -50
-115, -51
-115, -52
-115, -53
-115, -54
-114, -55
-114, -56
-114, -57
-114, -56
-114, -55
-114, -54
-113, -53
-112, -53
-111, -53
-110, -53
-109, -53
-108, -53
-107, -53
-106, -53
-107, -52
-107, -51
-107, -50
-108, -50
-109, -50
-110, -50
-111, -50
-112, -50
-113, -50
-114, -50
-115, -50
-116, -49
-116, -50
-116, -51
-116, -52
-116, -53
-117, -54
-118, -54
-119, -54
-120, -54
-121, -54
-122, -54
-123, -53
-123, -52
-123, -51
-123, -50
-123, -49
-124, -48
-123, -47
-122, -48
-122, -49
-123, -50
-123, -51
-123, -52
-123, -53
-123, -54
-124, -55
-125, -55
-126, -55
-127, -55
-128, -55
-127, -55
-126, -55
-125, -56
-125, -55
-125, -54
-124, -53
-123, -53
-122, -52
-122, -51
-122, -50
-122, -49
-122, -50
-122, -51
-122, -52
-122, -53
-122, -54
-122, -53
-121, -52
-120, -52
-119, -52
-118, -53
-118, -52
-118, -51
-119, -50
-120, -50
-121, -50
-122, -50
-123, -50
-124, -50
-125, -50
-126, -51
-126, -52
-126, -53
-126, -54
-126, -55
-126, -56
-126, -57
-126, -58
-125, -59
-124, -59
-123, -59
-122, -59
-121, -59
-120, -59
-119, -59
-118, -58
-118, -57
-117, -56
-117, -55
-117, -54
-117, -53
-116, -52
-115, -51
-114, -51
-113, -51
-114, -50
-115, -50
-116, -50
-117, -50
-118, -50
-117, -49
-116, -49
-115, -49
-114, -49
-113, -49
-112, -50
-112, -51
-111, -52
-110, -52
-109, -52
-108, -53
-108, -52
-108, -51
-108, -50
-108, -49
-108, -48
-108, -47
-107, -46
-106, -46
-105, -46
-104, -46
-103, -45
-103, -44
-103, -43
-102, -44
-102, -45
-102, -46
-102, -47
-102, -48
-103, -47
-103, -46
-103, -45
-103, -44
-103, -43
-103, -42
-102, -41
-101, -41
-101, -40
-102, -39
-103, -39
-104, -39
-105, -38
-105, -37
-105, -36
-104, -35
-103, -35
-102, -35
-101, -35
-100, -35
-99, -35
-98, -35
-97, -35
-97, -36
-97, -37
-97, -38
-97, -39
-97, -40
-98, -41
-99, -41
-100, -41
-101, -41
-102, -41
-103, -41
-104, -41
-103, -41
-102, -41
-101, -41
-100, -41
-99, -41
-100, -41
-101, -41
-102, -41
-103, -40
-103, -39
-103, -38
-103, -37
-103, -36
-103, -35
-103, -34
-102, -35
-102, -36
-102, -37
-102, -38
-102, -39
-102, -40
-102, -39
-101, -38
-100, -38
-99, -38
-98, -38
-97, -39
-96, -39
-95, -39
-94, -39
-93, -39
-92, -39
-91, -39
-90, -39
-91, -38
-92, -38
-93, -38
-94, -38
-94, -37
-94, -36
-94, -35
-94, -34
-94, -33
-94, -32
-94, -31
-94, -30
-94, -31
-94, -32
-94, -33
-94, -34
-94, -35
-95, -36
-96, -36
-97, -36
-98, -36
-99, -37
-100, -38
-100, -39
-100, -40
-100, -41
-101, -42
-102, -42
-103, -42
-104, -43
-104, -44
-104, -45
-104, -46
-104, -47
-104, -48
-103, -49
-103, -50
-103, -51
-103, -52
-103, -53
-104, -53
-105, -53
-106, -52
-105, -52
-104, -51
-104, -50
-104, -49
-104, -48
-104, -47
-104, -46
-104, -45
-104, -44
-104, -43
-104, -42
-104, -41
-104, -40
-105, -41
-105, -42
-105, -43
-104, -44
-103, -44
-102, -44
-101, -44
-100, -43
-100, -42
-99, -42
-98, -42
-97, -42
-96, -42
-95, -42
-94, -42
-93, -41
-92, -40
-91, -40
-90, -40
-90, -39
-90, -40
-90, -41
-91, -42
-92, -42
-93, -42
-94, -42
-95, -42
-96, -42
-97, -42
-98, -42
-97, -41
-96, -41
-95, -41
-94, -40
-94, -39
-94, -38
-94, -39
-94, -40
-94, -41
-95, -41
-96, -41
-97, -41
-98, -41
-99, -41
-100, -40
-100, -39
-100, -38
-100, -37
-100, -36
-100, -35
-101, -35
-100, -35
-99, -35
-98, -35
-97, -35
-96, -35
-95, -35
-94, -35
-95, -36
-96, -36
-97, -36
-98, -36
-99, -36
-100, -36
-101, -35
-101, -34
-101, -33
-101, -32
-101, -31
-101, -30
-101, -29
-101, -28
-101, -27
-101, -26
-100, -25
-99, -25
-98, -25
-99, -25
-100, -25
-101, -25
-102, -25
-103, -25
-102, -26
-102, -27
-102, -28
-102, -29
-103, -30
-103, -31
-103, -32
-103, -33
-103, -34
-103, -35
-103, -36
-103, -37
-103, -38
-102, -39
-101, -39
-100, -39
-99, -39
-98, -40
-98, -41
-98, -42
-98, -43
-98, -44
-99, -44
-100, -44
-101, -44
-102, -44
-103, -44
-104, -45
-104, -44
-103, -44
-102, -44
-101, -44
-100, -44
-99, -44
-98, -43
-99, -42
-100, -42
-101, -42
-102, -42
-102, -41
-102, -40
-102, -39
-102, -38
-102, -37
-102, -36
-102, -35
-101, -35
-100, -35
-99, -35
-98, -35
-97, -35
-96, -35
-95, -35
-94, -35
-93, -36
-92, -36
-91, -36
-90, -36
-89, -35
-88, -36
-89, -36
-90, -36
-91, -36
-92, -36
-93, -36
-94, -36
-95, -35
-96, -35
-97, -35
-98, -35
-99, -35
-100, -35
-101, -35
-102, -35
-103, -36
-103, -37
-103, -38
-103, -39
-103, -40
-103, -41
-103, -42
-103, -43
-104, -44
-103, -44
-102, -44
-102, -45
-102, -46
-102, -47
-102, -48
-102, -49
-102, -50
-102, -51
-102, -52
-102, -53
-101, -54
-100, -53
-99, -53
-98, -53
-97, -54
-97, -55
-97, -54
-97, -53
-97, -52
-97, -51
-97, -50
-97, -49
-98, -48
-99, -48
-100, -48
-101, -48
-102, -48
-101, -48
-100, -48
-99, -49
-99, -50
-99, -51
-99, -52
-99, -53
-99, -54
-99, -55
-99, -56
-99, -57
-98, -58
-97, -57
-96, -57
-95, -57
-94, -57
-93, -57
-92, -57
-91, -57
-90, -57
-89, -57
-88, -58
-87, -59
-87, -60
-87, -61
-86, -62
-85, -62
-84, -62
-83, -62
-82, -62
-81, -63
-81, -64
-80, -64
-79, -65
-78, -65
-77, -65
-76, -65
-75, -64
-75, -63
-75, -62
-75, -61
-75, -60
-75, -59
-75, -58
-75, -57
-74, -57
-73, -57
-72, -57
-71, -57
-70, -57
-69, -57
-69, -58
-69, -59
-69, -60
-69, -61
-69, -62
-69, -63
-69, -64
-69, -65
-70, -66
-70, -67
-69, -66
-69, -65
-70, -64
-71, -64
-72, -64
-73, -64
-74, -64
-75, -64
-76, -64
-77, -64
-78, -63
-78, -64
-78, -65
-77, -66
-77, -67
-77, -68
-78, -67
-78, -66
-78, -65
-78, -64
-78, -63
-78, -62
-78, -61
-78, -60
-79, -60
-80, -60
-81, -61
-81, -62
-81, -63
-81, -64
-81, -65
-81, -66
-81, -67
-81, -68
-81, -67
-81, -66
-81, -65
-81, -64
-81, -63
-81, -64
-81, -65
-81, -66
-81, -67
-81, -68
-81, -67
-81, -66
-80, -65
-79, -65
-78, -65
-77, -65
-76, -64
-75, -64
-74, -64
-73, -64
-72, -64
-71, -64
-70, -64
-70, -63
-70, -62
-70, -61
-70, -60
-70, -59
-71, -58
-72, -58
-73, -58
-73, -57
-73, -56
-73, -55
-73, -54
-73, -53
-73, -52
-73, -51
-74, -50
-75, -50
-76, -50
-77, -50
-78, -50
-79, -50
-80, -50
-79, -50
-78, -50
-77, -50
-76, -50
-75, -50
-74, -50
-73, -50
-74, -50
-75, -50
-76, -50
-77, -50
-78, -50
-79, -50
-78, -50
-77, -49
-77, -48
-77, -47
-77, -46
-77, -45
-77, -44
-77, -43
-78, -43
-78, -42
-77, -43
-76, -43
-75, -43
-74, -43
-73, -43
-72, -43
-71, -44
-71, -45
-71, -46
-71, -47
-71, -48
-71, -47
-71, -46
-72, -46
-73, -46
-74, -46
-75, -46
-76, -46
-77, -46
-78, -46
-79, -46
-80, -46
-81, -46
-82, -46
-83, -46
-84, -46
-85, -46
-86, -46
-87, -47
-87, -48
-87, -49
-87, -50
-87, -51
-87, -52
-86, -53
-85, -53
-84, -53
-83, -52
-83, -51
-83, -50
-83, -49
-84, -48
-83, -47
-84, -48
-85, -48
-86, -48
-87, -48
-86, -49
-85, -49
-84, -49
-83, -49
-84, -49
-85, -49
-86, -49
-87, -49
-88, -49
-88, -48
-88, -47
-89, -46
-90, -46
-89, -47
-88, -47
-87, -46
-87, -45
-87, -44
-86, -45
-86, -46
-86, -47
-86, -48
-86, -49
-86, -50
-86, -51
-86, -52
-86, -53
-87, -54
-87, -55
-87, -56
-87, -57
-87, -58
-87, -59
-88, -60
-89, -60
-90, -60
-91, -60
-92, -59
-92, -58
-92, -57
-92, -56
-92, -55
-92, -54
-93, -55
-94, -56
-95, -56
-96, -56
-97, -56
-98, -55
-98, -54
-98, -53
-98, -52
-98, -51
-97, -52
-97, -53
-98, -53
-98, -54
-98, -55
-98, -56
-99, -56
-100, -56
-101, -57
-102, -57
-103, -57
-104, -57
-105, -57
-106, -57
-107, -57
-108, -57
-109, -58
-108, -57
-107, -57
-106, -57
3028
